<?xml version="1.0" encoding="UTF-8"?>
<!-- Generated by org.testng.reporters.JUnitReportReporter -->
<testsuite hostname="sandt-17R2FY3" failures="0" tests="5" name="testcase.TestCase" time="256.072" errors="0" timestamp="2024-06-03T22:18:31 IST" skipped="2">
  <testcase classname="testcase.TestCase" name="Queueview_Specify_Associate_ID_tWorkflow" time="92.232"/>
  <system-out/>
  <testcase classname="testcase.TestCase" name="Queueview_Specify_Manager_Workflow" time="85.166"/>
  <system-out/>
  <testcase classname="testcase.TestCase" name="Queueview_Specify_Queue_Workflow" time="78.674"/>
  <system-out/>
  <testcase classname="testcase.TestCase" name="ClientInfoWorkflow">
    <skipped/>
  </testcase> <!-- ClientInfoWorkflow -->
  <system-out/>
  <testcase classname="testcase.TestCase" name="LogTicketWorkflow">
    <skipped/>
  </testcase> <!-- LogTicketWorkflow -->
  <system-out/>
</testsuite> <!-- testcase.TestCase -->
